
=== Starting at 2025-10-27T07:34:42.770Z ===

> deepface-workflow-editor@1.0.0 dev:react
> vite

[33mThe CJS build of Vite's Node API is deprecated. See https://vite.dev/guide/troubleshooting.html#vite-cjs-node-api-deprecated for more details.[39m

  VITE v5.4.21  ready in 209 ms

  ➜  Local:   http://localhost:5173/
  ➜  Network: use --host to expose
(node:93275) [MODULE_TYPELESS_PACKAGE_JSON] Warning: Module type of file:///Volumes/MacOSNew/SourceCode/deepface-editor/deepface-workflow-editor/postcss.config.js is not specified and it doesn't parse as CommonJS.
Reparsing as ES module because module syntax was detected. This incurs a performance overhead.
To eliminate this warning, add "type": "module" to /Volumes/MacOSNew/SourceCode/deepface-editor/deepface-workflow-editor/package.json.
(Use `node --trace-warnings ...` to show where the warning was created)
12:35:21 AM [vite] warning: Duplicate member "getFaceData" in class body
553|    }
554|  
555|    async getFaceData(nodeId: string, faceId: string, inputDir: string): Promise<{ success: boolean; message: string; landmarks?: number[][]; segmentation?: number[][][]; face_type?: string; source_filename?: string }> {
   |          ^
556|      const response = await this.http.get(`/nodes/${nodeId}/face-data/${faceId}?input_dir=${encodeURIComponent(inputDir)}`)
557|      return response.data

  Plugin: vite:esbuild
  File: /Volumes/MacOSNew/SourceCode/deepface-editor/deepface-workflow-editor/src/services/api.ts

=== Starting at 2025-10-27T07:53:05.584Z ===

> deepface-workflow-editor@1.0.0 dev:react
> vite

[33mThe CJS build of Vite's Node API is deprecated. See https://vite.dev/guide/troubleshooting.html#vite-cjs-node-api-deprecated for more details.[39m

  VITE v5.4.21  ready in 214 ms

  ➜  Local:   http://localhost:5173/
  ➜  Network: use --host to expose
(node:19265) [MODULE_TYPELESS_PACKAGE_JSON] Warning: Module type of file:///Volumes/MacOSNew/SourceCode/deepface-editor/deepface-workflow-editor/postcss.config.js is not specified and it doesn't parse as CommonJS.
Reparsing as ES module because module syntax was detected. This incurs a performance overhead.
To eliminate this warning, add "type": "module" to /Volumes/MacOSNew/SourceCode/deepface-editor/deepface-workflow-editor/package.json.
(Use `node --trace-warnings ...` to show where the warning was created)
12:53:13 AM [vite] warning: Duplicate member "getFaceData" in class body
553|    }
554|  
555|    async getFaceData(nodeId: string, faceId: string, inputDir: string): Promise<{ success: boolean; message: string; landmarks?: number[][]; segmentation?: number[][][]; face_type?: string; source_filename?: string }> {
   |          ^
556|      const response = await this.http.get(`/nodes/${nodeId}/face-data/${faceId}?input_dir=${encodeURIComponent(inputDir)}`)
557|      return response.data

  Plugin: vite:esbuild
  File: /Volumes/MacOSNew/SourceCode/deepface-editor/deepface-workflow-editor/src/services/api.ts

=== Starting at 2025-10-27T08:38:10.971Z ===

> deepface-workflow-editor@1.0.0 dev:react
> vite

[33mThe CJS build of Vite's Node API is deprecated. See https://vite.dev/guide/troubleshooting.html#vite-cjs-node-api-deprecated for more details.[39m
Re-optimizing dependencies because lockfile has changed
(node:47269) [MODULE_TYPELESS_PACKAGE_JSON] Warning: Module type of file:///Volumes/MacOSNew/SourceCode/deepface-editor/deepface-workflow-editor/postcss.config.js is not specified and it doesn't parse as CommonJS.
Reparsing as ES module because module syntax was detected. This incurs a performance overhead.
To eliminate this warning, add "type": "module" to /Volumes/MacOSNew/SourceCode/deepface-editor/deepface-workflow-editor/package.json.
(Use `node --trace-warnings ...` to show where the warning was created)

  VITE v5.4.21  ready in 649 ms

  ➜  Local:   http://localhost:5173/
  ➜  Network: use --host to expose
1:38:43 AM [vite] warning: Duplicate member "getFaceData" in class body
553|    }
554|  
555|    async getFaceData(nodeId: string, faceId: string, inputDir: string): Promise<{ success: boolean; message: string; landmarks?: number[][]; segmentation?: number[][][]; face_type?: string; source_filename?: string }> {
   |          ^
556|      const response = await this.http.get(`/nodes/${nodeId}/face-data/${faceId}?input_dir=${encodeURIComponent(inputDir)}`)
557|      return response.data

  Plugin: vite:esbuild
  File: /Volumes/MacOSNew/SourceCode/deepface-editor/deepface-workflow-editor/src/services/api.ts
1:40:49 AM [vite] hmr update /src/components/AdvancedFaceEditor/OptimizedFaceGrid.tsx, /src/index.css
1:40:49 AM [vite] hmr update /src/components/AdvancedFaceEditor/OptimizedFaceGrid.tsx, /src/index.css
1:40:49 AM [vite] hmr update /src/components/AdvancedFaceEditor/OptimizedFaceGrid.tsx, /src/index.css

=== Starting at 2025-10-27T08:55:39.527Z ===

> deepface-workflow-editor@1.0.0 dev:react
> vite

[33mThe CJS build of Vite's Node API is deprecated. See https://vite.dev/guide/troubleshooting.html#vite-cjs-node-api-deprecated for more details.[39m

  VITE v5.4.21  ready in 222 ms

  ➜  Local:   http://localhost:5173/
  ➜  Network: use --host to expose
(node:64393) [MODULE_TYPELESS_PACKAGE_JSON] Warning: Module type of file:///Volumes/MacOSNew/SourceCode/deepface-editor/deepface-workflow-editor/postcss.config.js is not specified and it doesn't parse as CommonJS.
Reparsing as ES module because module syntax was detected. This incurs a performance overhead.
To eliminate this warning, add "type": "module" to /Volumes/MacOSNew/SourceCode/deepface-editor/deepface-workflow-editor/package.json.
(Use `node --trace-warnings ...` to show where the warning was created)

=== Starting at 2025-10-27T09:09:39.442Z ===

> deepface-workflow-editor@1.0.0 dev:react
> vite

[33mThe CJS build of Vite's Node API is deprecated. See https://vite.dev/guide/troubleshooting.html#vite-cjs-node-api-deprecated for more details.[39m
(node:81247) [MODULE_TYPELESS_PACKAGE_JSON] Warning: Module type of file:///Volumes/MacOSNew/SourceCode/deepface-editor/deepface-workflow-editor/postcss.config.js is not specified and it doesn't parse as CommonJS.
Reparsing as ES module because module syntax was detected. This incurs a performance overhead.
To eliminate this warning, add "type": "module" to /Volumes/MacOSNew/SourceCode/deepface-editor/deepface-workflow-editor/package.json.
(Use `node --trace-warnings ...` to show where the warning was created)

  VITE v5.4.21  ready in 469 ms

  ➜  Local:   http://localhost:5173/
  ➜  Network: use --host to expose
2:16:59 AM [vite] hmr update /src/components/AdvancedFaceEditor/OptimizedFaceGrid.tsx, /src/index.css
2:17:11 AM [vite] hmr update /src/components/AdvancedFaceEditor/OptimizedFaceGrid.tsx, /src/index.css
2:18:46 AM [vite] hmr update /src/components/AdvancedFaceEditor/OptimizedFaceGrid.tsx, /src/index.css
2:18:46 AM [vite] hmr update /src/components/AdvancedFaceEditor/OptimizedFaceGrid.tsx, /src/index.css
2:19:24 AM [vite] hmr update /src/components/AdvancedFaceEditor/OptimizedFaceGrid.tsx, /src/index.css
2:19:31 AM [vite] hmr update /src/components/AdvancedFaceEditor/OptimizedFaceGrid.tsx, /src/index.css
2:19:38 AM [vite] hmr update /src/components/AdvancedFaceEditor/OptimizedFaceGrid.tsx, /src/index.css
2:19:38 AM [vite] hmr update /src/components/AdvancedFaceEditor/OptimizedFaceGrid.tsx, /src/index.css
2:28:37 AM [vite] hmr update /src/components/AdvancedFaceEditor/OptimizedFaceGrid.tsx, /src/index.css
2:28:59 AM [vite] hmr update /src/components/AdvancedFaceEditor/OptimizedFaceGrid.tsx, /src/index.css
2:30:21 AM [vite] hmr update /src/components/AdvancedFaceEditor/AdvancedFaceEditorView.tsx, /src/index.css
2:30:53 AM [vite] hmr update /src/components/AdvancedFaceEditor/AdvancedFaceEditorView.tsx, /src/index.css
2:31:18 AM [vite] hmr update /src/components/AdvancedFaceEditor/OptimizedFaceGrid.tsx, /src/index.css
2:31:24 AM [vite] hmr update /src/components/AdvancedFaceEditor/OptimizedFaceGrid.tsx, /src/index.css
2:31:25 AM [vite] hmr update /src/components/AdvancedFaceEditor/OptimizedFaceGrid.tsx, /src/index.css
2:31:32 AM [vite] hmr update /src/components/AdvancedFaceEditor/OptimizedFaceGrid.tsx, /src/index.css
2:31:35 AM [vite] hmr update /src/components/AdvancedFaceEditor/OptimizedFaceGrid.tsx, /src/index.css
2:31:37 AM [vite] hmr update /src/components/AdvancedFaceEditor/OptimizedFaceGrid.tsx, /src/index.css
2:31:44 AM [vite] hmr update /src/components/AdvancedFaceEditor/OptimizedFaceGrid.tsx, /src/index.css
2:31:44 AM [vite] hmr update /src/components/AdvancedFaceEditor/OptimizedFaceGrid.tsx, /src/index.css
2:31:46 AM [vite] hmr update /src/components/AdvancedFaceEditor/OptimizedFaceGrid.tsx, /src/index.css
2:31:49 AM [vite] hmr update /src/components/AdvancedFaceEditor/OptimizedFaceGrid.tsx, /src/index.css
2:31:59 AM [vite] hmr update /src/components/AdvancedFaceEditor/OptimizedFaceGrid.tsx, /src/index.css
2:32:08 AM [vite] hmr update /src/components/AdvancedFaceEditor/AdvancedFaceEditorView.tsx, /src/index.css
2:32:08 AM [vite] hmr update /src/components/AdvancedFaceEditor/AdvancedFaceEditorView.tsx, /src/index.css
2:32:26 AM [vite] hmr update /src/components/AdvancedFaceEditor/AdvancedFaceEditorView.tsx, /src/index.css
2:32:26 AM [vite] hmr update /src/components/AdvancedFaceEditor/OptimizedFaceGrid.tsx, /src/index.css
2:35:05 AM [vite] hmr update /src/components/AdvancedFaceEditor/OptimizedFaceGrid.tsx, /src/index.css
2:35:10 AM [vite] hmr update /src/components/AdvancedFaceEditor/OptimizedFaceGrid.tsx, /src/index.css
2:35:17 AM [vite] hmr update /src/components/AdvancedFaceEditor/OptimizedFaceGrid.tsx, /src/index.css
2:35:23 AM [vite] hmr update /src/components/AdvancedFaceEditor/OptimizedFaceGrid.tsx, /src/index.css
2:35:34 AM [vite] hmr update /src/components/AdvancedFaceEditor/OptimizedFaceGrid.tsx, /src/index.css
2:43:23 AM [vite] hmr update /src/components/AdvancedFaceEditor/OptimizedFaceGrid.tsx, /src/index.css
2:43:37 AM [vite] hmr update /src/components/AdvancedFaceEditor/OptimizedFaceGrid.tsx, /src/index.css
2:43:50 AM [vite] hmr update /src/components/AdvancedFaceEditor/OptimizedFaceGrid.tsx, /src/index.css
2:43:54 AM [vite] hmr update /src/components/AdvancedFaceEditor/OptimizedFaceGrid.tsx, /src/index.css
2:44:03 AM [vite] hmr update /src/components/AdvancedFaceEditor/OptimizedFaceGrid.tsx, /src/index.css
2:44:03 AM [vite] hmr update /src/components/AdvancedFaceEditor/OptimizedFaceGrid.tsx, /src/index.css
2:44:09 AM [vite] hmr update /src/components/AdvancedFaceEditor/OptimizedFaceGrid.tsx, /src/index.css
2:44:23 AM [vite] hmr update /src/components/AdvancedFaceEditor/OptimizedFaceGrid.tsx, /src/index.css
2:48:10 AM [vite] hmr update /src/App.tsx, /src/index.css, /src/components/ExecutionControls.tsx, /src/components/WorkflowCanvas.tsx, /src/components/NodePalette.tsx, /src/components/ErrorMonitor.tsx, /src/components/LogViewer.tsx, /src/components/NodeEditor.tsx, /src/components/GPUMonitor.tsx, /src/components/SingleNodeView.tsx, /src/components/GPUSelector.tsx, /src/components/NodePresetManager.tsx, /src/components/AdvancedFaceEditor/AdvancedFaceEditorView.tsx, /src/components/AdvancedFaceEditor/FaceEditorModal.tsx, /src/components/AdvancedFaceEditor/OptimizedFaceGrid.tsx
2:48:23 AM [vite] hmr update /src/components/AdvancedFaceEditor/OptimizedFaceGrid.tsx, /src/index.css
2:48:34 AM [vite] hmr update /src/components/AdvancedFaceEditor/OptimizedFaceGrid.tsx, /src/index.css
2:48:34 AM [vite] hmr update /src/components/AdvancedFaceEditor/OptimizedFaceGrid.tsx, /src/index.css
2:48:47 AM [vite] hmr update /src/components/AdvancedFaceEditor/OptimizedFaceGrid.tsx, /src/index.css
2:48:47 AM [vite] hmr update /src/App.tsx, /src/index.css, /src/components/ExecutionControls.tsx, /src/components/WorkflowCanvas.tsx, /src/components/NodePalette.tsx, /src/components/ErrorMonitor.tsx, /src/components/LogViewer.tsx, /src/components/NodeEditor.tsx, /src/components/GPUMonitor.tsx, /src/components/SingleNodeView.tsx, /src/components/GPUSelector.tsx, /src/components/NodePresetManager.tsx, /src/components/AdvancedFaceEditor/AdvancedFaceEditorView.tsx, /src/components/AdvancedFaceEditor/FaceEditorModal.tsx, /src/components/AdvancedFaceEditor/OptimizedFaceGrid.tsx
2:48:47 AM [vite] hmr update /src/App.tsx, /src/index.css, /src/components/ExecutionControls.tsx, /src/components/WorkflowCanvas.tsx, /src/components/NodePalette.tsx, /src/components/ErrorMonitor.tsx, /src/components/LogViewer.tsx, /src/components/NodeEditor.tsx, /src/components/GPUMonitor.tsx, /src/components/SingleNodeView.tsx, /src/components/GPUSelector.tsx, /src/components/NodePresetManager.tsx, /src/components/AdvancedFaceEditor/AdvancedFaceEditorView.tsx, /src/components/AdvancedFaceEditor/FaceEditorModal.tsx, /src/components/AdvancedFaceEditor/OptimizedFaceGrid.tsx
2:48:47 AM [vite] hmr update /src/components/AdvancedFaceEditor/OptimizedFaceGrid.tsx, /src/index.css
